provisioningclient/build/outputs/logs/manifest-merger-debug-report.txt
-- Merging decision tree log ---
manifest
ADDED from src/main/AndroidManifest.xml:2:1-21:12
	xmlns:android
		ADDED from src/main/AndroidManifest.xml:2:11-69
	package
		ADDED from src/main/AndroidManifest.xml:3:5-60
		INJECTED from src/main/AndroidManifest.xml
		INJECTED from src/main/AndroidManifest.xml
	android:versionName
		INJECTED from src/main/AndroidManifest.xml
		INJECTED from src/main/AndroidManifest.xml
	android:versionCode
		INJECTED from src/main/AndroidManifest.xml
		INJECTED from src/main/AndroidManifest.xml
application
ADDED from src/main/AndroidManifest.xml:5:5-19:19
	android:label
		ADDED from src/main/AndroidManifest.xml:8:9-41
	android:allowBackup
		ADDED from src/main/AndroidManifest.xml:6:9-35
	android:icon
		ADDED from src/main/AndroidManifest.xml:7:9-43
	android:theme
		ADDED from src/main/AndroidManifest.xml:9:9-40
activity#org.iotivity.base.examples.provisioningclient.ProvisioningClient
ADDED from src/main/AndroidManifest.xml:10:9-18:20
	android:label
		ADDED from src/main/AndroidManifest.xml:12:13-45
	android:name
		ADDED from src/main/AndroidManifest.xml:11:13-47
intent-filter#android.intent.action.MAIN+android.intent.category.LAUNCHER
ADDED from src/main/AndroidManifest.xml:13:13-17:29
action#android.intent.action.MAIN
ADDED from src/main/AndroidManifest.xml:14:17-69
	android:name
		ADDED from src/main/AndroidManifest.xml:14:25-66
category#android.intent.category.LAUNCHER
ADDED from src/main/AndroidManifest.xml:16:17-77
	android:name
		ADDED from src/main/AndroidManifest.xml:16:27-74
uses-sdk
INJECTED from src/main/AndroidManifest.xml reason: use-sdk injection requested
MERGED from [:iotivity-base-armeabi-v7a-debug:] AndroidManifest.xml:28:5-30:41
	android:targetSdkVersion
		INJECTED from src/main/AndroidManifest.xml
		INJECTED from src/main/AndroidManifest.xml
	android:minSdkVersion
		INJECTED from src/main/AndroidManifest.xml
		INJECTED from src/main/AndroidManifest.xml
uses-permission#android.permission.BLUETOOTH
ADDED from [:iotivity-base-armeabi-v7a-debug:] AndroidManifest.xml:32:5-68
	android:name
		ADDED from [:iotivity-base-armeabi-v7a-debug:] AndroidManifest.xml:32:22-65
uses-permission#android.permission.BLUETOOTH_ADMIN
ADDED from [:iotivity-base-armeabi-v7a-debug:] AndroidManifest.xml:33:5-74
	android:name
		ADDED from [:iotivity-base-armeabi-v7a-debug:] AndroidManifest.xml:33:22-71
uses-permission#android.permission.INTERNET
ADDED from [:iotivity-base-armeabi-v7a-debug:] AndroidManifest.xml:34:5-67
	android:name
		ADDED from [:iotivity-base-armeabi-v7a-debug:] AndroidManifest.xml:34:22-64
uses-permission#android.permission.ACCESS_WIFI_STATE
ADDED from [:iotivity-base-armeabi-v7a-debug:] AndroidManifest.xml:35:5-76
	android:name
		ADDED from [:iotivity-base-armeabi-v7a-debug:] AndroidManifest.xml:35:22-73
uses-permission#android.permission.CHANGE_WIFI_MULTICAST_STATE
ADDED from [:iotivity-base-armeabi-v7a-debug:] AndroidManifest.xml:36:5-86
	android:name
		ADDED from [:iotivity-base-armeabi-v7a-debug:] AndroidManifest.xml:36:22-83
uses-permission#android.permission.CHANGE_NETWORK_STATE
ADDED from [:iotivity-base-armeabi-v7a-debug:] AndroidManifest.xml:37:5-79
	android:name
		ADDED from [:iotivity-base-armeabi-v7a-debug:] AndroidManifest.xml:37:22-76
uses-permission#android.permission.ACCESS_NETWORK_STATE
ADDED from [:iotivity-base-armeabi-v7a-debug:] AndroidManifest.xml:38:5-79
	android:name
		ADDED from [:iotivity-base-armeabi-v7a-debug:] AndroidManifest.xml:38:22-76
uses-permission#android.permission.CHANGE_WIFI_STATE
ADDED from [:iotivity-base-armeabi-v7a-debug:] AndroidManifest.xml:39:5-76
	android:name
		ADDED from [:iotivity-base-armeabi-v7a-debug:] AndroidManifest.xml:39:22-73